\\uon2\users05\6\psyyl6\myprofile\downloads\cpp_cw2016\cpp_cw2016\debug\courseworkbase.bsc
\\uon2\users05\6\psyyl6\myprofile\downloads\cpp_cw2016\cpp_cw2016\debug\vc120.pdb
\\uon2\users05\6\psyyl6\myprofile\downloads\cpp_cw2016\cpp_cw2016\debug\vc120.idb
\\uon2\users05\6\psyyl6\myprofile\downloads\cpp_cw2016\cpp_cw2016\debug\mainfunction.sbr
\\uon2\users05\6\psyyl6\myprofile\downloads\cpp_cw2016\cpp_cw2016\debug\baseengine.sbr
\\uon2\users05\6\psyyl6\myprofile\downloads\cpp_cw2016\cpp_cw2016\debug\displayableobject.sbr
\\uon2\users05\6\psyyl6\myprofile\downloads\cpp_cw2016\cpp_cw2016\debug\fontmanager.sbr
\\uon2\users05\6\psyyl6\myprofile\downloads\cpp_cw2016\cpp_cw2016\debug\jpgimage.sbr
\\uon2\users05\6\psyyl6\myprofile\downloads\cpp_cw2016\cpp_cw2016\debug\simpledemo.sbr
\\uon2\users05\6\psyyl6\myprofile\downloads\cpp_cw2016\cpp_cw2016\debug\tilemanager.sbr
\\uon2\users05\6\psyyl6\myprofile\downloads\cpp_cw2016\cpp_cw2016\debug\bouncingball.sbr
\\uon2\users05\6\psyyl6\myprofile\downloads\cpp_cw2016\cpp_cw2016\debug\bouncingballmain.sbr
\\uon2\users05\6\psyyl6\myprofile\downloads\cpp_cw2016\cpp_cw2016\debug\demo1main.sbr
\\uon2\users05\6\psyyl6\myprofile\downloads\cpp_cw2016\cpp_cw2016\debug\demo2main.sbr
\\uon2\users05\6\psyyl6\myprofile\downloads\cpp_cw2016\cpp_cw2016\debug\demo2object.sbr
\\uon2\users05\6\psyyl6\myprofile\downloads\cpp_cw2016\cpp_cw2016\debug\demo2tilemanager.sbr
\\uon2\users05\6\psyyl6\myprofile\downloads\cpp_cw2016\cpp_cw2016\debug\demo3main.sbr
\\uon2\users05\6\psyyl6\myprofile\downloads\cpp_cw2016\cpp_cw2016\debug\demo3object.sbr
\\uon2\users05\6\psyyl6\myprofile\downloads\cpp_cw2016\cpp_cw2016\debug\demo3objectfinished.sbr
\\uon2\users05\6\psyyl6\myprofile\downloads\cpp_cw2016\cpp_cw2016\debug\demo3tilemanager.sbr
\\uon2\users05\6\psyyl6\myprofile\downloads\cpp_cw2016\cpp_cw2016\debug\demo4main.sbr
\\uon2\users05\6\psyyl6\myprofile\downloads\cpp_cw2016\cpp_cw2016\debug\demo4object.sbr
\\uon2\users05\6\psyyl6\myprofile\downloads\cpp_cw2016\cpp_cw2016\debug\demo4tilemanager.sbr
\\uon2\users05\6\psyyl6\myprofile\downloads\cpp_cw2016\cpp_cw2016\debug\demo4tilemanager.obj
\\uon2\users05\6\psyyl6\myprofile\downloads\cpp_cw2016\cpp_cw2016\debug\demo4object.obj
\\uon2\users05\6\psyyl6\myprofile\downloads\cpp_cw2016\cpp_cw2016\debug\demo4main.obj
\\uon2\users05\6\psyyl6\myprofile\downloads\cpp_cw2016\cpp_cw2016\debug\demo3tilemanager.obj
\\uon2\users05\6\psyyl6\myprofile\downloads\cpp_cw2016\cpp_cw2016\debug\demo3objectfinished.obj
\\uon2\users05\6\psyyl6\myprofile\downloads\cpp_cw2016\cpp_cw2016\debug\demo3object.obj
\\uon2\users05\6\psyyl6\myprofile\downloads\cpp_cw2016\cpp_cw2016\debug\demo3main.obj
\\uon2\users05\6\psyyl6\myprofile\downloads\cpp_cw2016\cpp_cw2016\debug\demo2tilemanager.obj
\\uon2\users05\6\psyyl6\myprofile\downloads\cpp_cw2016\cpp_cw2016\debug\demo2object.obj
\\uon2\users05\6\psyyl6\myprofile\downloads\cpp_cw2016\cpp_cw2016\debug\demo2main.obj
\\uon2\users05\6\psyyl6\myprofile\downloads\cpp_cw2016\cpp_cw2016\debug\demo1main.obj
\\uon2\users05\6\psyyl6\myprofile\downloads\cpp_cw2016\cpp_cw2016\debug\bouncingballmain.obj
\\uon2\users05\6\psyyl6\myprofile\downloads\cpp_cw2016\cpp_cw2016\debug\bouncingball.obj
\\uon2\users05\6\psyyl6\myprofile\downloads\cpp_cw2016\cpp_cw2016\debug\tilemanager.obj
\\uon2\users05\6\psyyl6\myprofile\downloads\cpp_cw2016\cpp_cw2016\debug\simpledemo.obj
\\uon2\users05\6\psyyl6\myprofile\downloads\cpp_cw2016\cpp_cw2016\debug\jpgimage.obj
\\uon2\users05\6\psyyl6\myprofile\downloads\cpp_cw2016\cpp_cw2016\debug\fontmanager.obj
\\uon2\users05\6\psyyl6\myprofile\downloads\cpp_cw2016\cpp_cw2016\debug\displayableobject.obj
\\uon2\users05\6\psyyl6\myprofile\downloads\cpp_cw2016\cpp_cw2016\debug\baseengine.obj
\\uon2\users05\6\psyyl6\myprofile\downloads\cpp_cw2016\cpp_cw2016\debug\mainfunction.obj
\\uon2\users05\6\psyyl6\myprofile\downloads\cpp_cw2016\cpp_cw2016\debug\demoamain.sbr
\\uon2\users05\6\psyyl6\myprofile\downloads\cpp_cw2016\cpp_cw2016\debug\demoamain.obj
\\uon2\users05\6\psyyl6\myprofile\downloads\cpp_cw2016\cpp_cw2016\debug\courseworkbase.ilk
\\uon2\users05\6\psyyl6\myprofile\downloads\cpp_cw2016\cpp_cw2016\debug\courseworkbase.exe
\\uon2\users05\6\psyyl6\myprofile\downloads\cpp_cw2016\cpp_cw2016\src\map
\\uon2\users05\6\psyyl6\myprofile\downloads\cpp_cw2016\cpp_cw2016\debug\courseworkbase.pdb
\\uon2\users05\6\psyyl6\myprofile\downloads\cpp_cw2016\cpp_cw2016\/debug\courseworkbase.pdb
\\uon2\users05\6\psyyl6\myprofile\downloads\cpp_cw2016\cpp_cw2016\/debug\courseworkbase.exe
\\uon2\users05\6\psyyl6\myprofile\downloads\cpp_cw2016\cpp_cw2016\/debug\courseworkbase.bsc
\\uon2\users05\6\psyyl6\myprofile\downloads\cpp_cw2016\cpp_cw2016\/debug\courseworkbase.ilk
\\uon2\users05\6\psyyl6\myprofile\downloads\cpp_cw2016\cpp_cw2016\debug\courseworkbase.tlog\bscmake.command.1.tlog
\\uon2\users05\6\psyyl6\myprofile\downloads\cpp_cw2016\cpp_cw2016\debug\courseworkbase.tlog\bscmake.read.1.tlog
\\uon2\users05\6\psyyl6\myprofile\downloads\cpp_cw2016\cpp_cw2016\debug\courseworkbase.tlog\bscmake.write.1.tlog
\\uon2\users05\6\psyyl6\myprofile\downloads\cpp_cw2016\cpp_cw2016\debug\courseworkbase.tlog\cl.command.1.tlog
\\uon2\users05\6\psyyl6\myprofile\downloads\cpp_cw2016\cpp_cw2016\debug\courseworkbase.tlog\cl.read.1.tlog
\\uon2\users05\6\psyyl6\myprofile\downloads\cpp_cw2016\cpp_cw2016\debug\courseworkbase.tlog\cl.write.1.tlog
\\uon2\users05\6\psyyl6\myprofile\downloads\cpp_cw2016\cpp_cw2016\debug\courseworkbase.tlog\link.command.1.tlog
\\uon2\users05\6\psyyl6\myprofile\downloads\cpp_cw2016\cpp_cw2016\debug\courseworkbase.tlog\link.read.1.tlog
\\uon2\users05\6\psyyl6\myprofile\downloads\cpp_cw2016\cpp_cw2016\debug\courseworkbase.tlog\link.write.1.tlog
